Classic Timing Analyzer report for MKDS_1_0
Wed Sep 16 17:30:56 2020
Quartus II Version 9.0 Build 235 06/17/2009 Service Pack 2 SJ Web Edition


---------------------
; Table of Contents ;
---------------------
  1. Legal Notice
  2. Timing Analyzer Summary
  3. Timing Analyzer Settings
  4. Clock Settings Summary
  5. Parallel Compilation
  6. tco
  7. Timing Analyzer Messages



----------------
; Legal Notice ;
----------------
Copyright (C) 1991-2009 Altera Corporation
Your use of Altera Corporation's design tools, logic functions 
and other software and tools, and its AMPP partner logic 
functions, and any output files from any of the foregoing 
(including device programming or simulation files), and any 
associated documentation or information are expressly subject 
to the terms and conditions of the Altera Program License 
Subscription Agreement, Altera MegaCore Function License 
Agreement, or other applicable license agreement, including, 
without limitation, that your use is for the sole purpose of 
programming logic devices manufactured by Altera and sold by 
Altera or its authorized distributors.  Please refer to the 
applicable agreement for further details.



+--------------------------------------------------------------------------------------------------------------------------+
; Timing Analyzer Summary                                                                                                  ;
+------------------------------+-------+---------------+-------------+------+-------+------------+----------+--------------+
; Type                         ; Slack ; Required Time ; Actual Time ; From ; To    ; From Clock ; To Clock ; Failed Paths ;
+------------------------------+-------+---------------+-------------+------+-------+------------+----------+--------------+
; Worst-case tco               ; N/A   ; None          ; 10.000 ns   ; Q~2  ; Q_not ; CLK        ; --       ; 0            ;
; Total number of failed paths ;       ;               ;             ;      ;       ;            ;          ; 0            ;
+------------------------------+-------+---------------+-------------+------+-------+------------+----------+--------------+


+--------------------------------------------------------------------------------------------------------------------+
; Timing Analyzer Settings                                                                                           ;
+---------------------------------------------------------------------+--------------------+------+----+-------------+
; Option                                                              ; Setting            ; From ; To ; Entity Name ;
+---------------------------------------------------------------------+--------------------+------+----+-------------+
; Device Name                                                         ; EPF10K50SQC240-3   ;      ;    ;             ;
; Timing Models                                                       ; Final              ;      ;    ;             ;
; Default hold multicycle                                             ; Same as Multicycle ;      ;    ;             ;
; Cut paths between unrelated clock domains                           ; On                 ;      ;    ;             ;
; Cut off read during write signal paths                              ; On                 ;      ;    ;             ;
; Cut off feedback from I/O pins                                      ; On                 ;      ;    ;             ;
; Report Combined Fast/Slow Timing                                    ; Off                ;      ;    ;             ;
; Ignore Clock Settings                                               ; Off                ;      ;    ;             ;
; Analyze latches as synchronous elements                             ; On                 ;      ;    ;             ;
; Enable Recovery/Removal analysis                                    ; Off                ;      ;    ;             ;
; Enable Clock Latency                                                ; Off                ;      ;    ;             ;
; Use TimeQuest Timing Analyzer                                       ; Off                ;      ;    ;             ;
; Minimum Core Junction Temperature                                   ; 0                  ;      ;    ;             ;
; Maximum Core Junction Temperature                                   ; 85                 ;      ;    ;             ;
; Number of source nodes to report per destination node               ; 10                 ;      ;    ;             ;
; Number of destination nodes to report                               ; 10                 ;      ;    ;             ;
; Number of paths to report                                           ; 200                ;      ;    ;             ;
; Report Minimum Timing Checks                                        ; Off                ;      ;    ;             ;
; Use Fast Timing Models                                              ; Off                ;      ;    ;             ;
; Report IO Paths Separately                                          ; Off                ;      ;    ;             ;
; Perform Multicorner Analysis                                        ; Off                ;      ;    ;             ;
; Reports the worst-case path for each clock domain and analysis      ; Off                ;      ;    ;             ;
; Removes common clock path pessimism (CCPP) during slack computation ; Off                ;      ;    ;             ;
; Output I/O Timing Endpoint                                          ; Near End           ;      ;    ;             ;
+---------------------------------------------------------------------+--------------------+------+----+-------------+


+------------------------------------------------------------------------------------------------------------------------------------------------------------------------------------+
; Clock Settings Summary                                                                                                                                                             ;
+-----------------+--------------------+----------+------------------+---------------+--------------+----------+-----------------------+---------------------+--------+--------------+
; Clock Node Name ; Clock Setting Name ; Type     ; Fmax Requirement ; Early Latency ; Late Latency ; Based on ; Multiply Base Fmax by ; Divide Base Fmax by ; Offset ; Phase offset ;
+-----------------+--------------------+----------+------------------+---------------+--------------+----------+-----------------------+---------------------+--------+--------------+
; CLK             ;                    ; User Pin ; None             ; 0.000 ns      ; 0.000 ns     ; --       ; N/A                   ; N/A                 ; N/A    ;              ;
+-----------------+--------------------+----------+------------------+---------------+--------------+----------+-----------------------+---------------------+--------+--------------+


Parallel compilation was disabled, but you have multiple processors available. Enable parallel compilation to reduce compilation time.
+-------------------------------------+
; Parallel Compilation                ;
+----------------------------+--------+
; Processors                 ; Number ;
+----------------------------+--------+
; Number detected on machine ; 4      ;
; Maximum allowed            ; 1      ;
+----------------------------+--------+


+-----------------------------------------------------------------+
; tco                                                             ;
+-------+--------------+------------+--------+-------+------------+
; Slack ; Required tco ; Actual tco ; From   ; To    ; From Clock ;
+-------+--------------+------------+--------+-------+------------+
; N/A   ; None         ; 10.000 ns  ; Q~2    ; Q_not ; CLK        ;
; N/A   ; None         ; 9.900 ns   ; Q~reg0 ; Q     ; CLK        ;
+-------+--------------+------------+--------+-------+------------+


+--------------------------+
; Timing Analyzer Messages ;
+--------------------------+
Info: *******************************************************************
Info: Running Quartus II Classic Timing Analyzer
    Info: Version 9.0 Build 235 06/17/2009 Service Pack 2 SJ Web Edition
    Info: Processing started: Wed Sep 16 17:30:56 2020
Info: Command: quartus_tan --read_settings_files=off --write_settings_files=off MKDS_1_0 -c MKDS_1_0
Info: Started post-fitting delay annotation
Info: Delay annotation completed successfully
Warning: Found pins functioning as undefined clocks and/or memory enables
    Info: Assuming node "CLK" is an undefined clock
Info: No valid register-to-register data paths exist for clock "CLK"
Info: tco from clock "CLK" to destination pin "Q_not" through register "Q~2" is 10.000 ns
    Info: + Longest clock path from clock "CLK" to source register is 3.500 ns
        Info: 1: + IC(0.000 ns) + CELL(2.200 ns) = 2.200 ns; Loc. = PIN_91; Fanout = 2; CLK Node = 'CLK'
        Info: 2: + IC(1.300 ns) + CELL(0.000 ns) = 3.500 ns; Loc. = LC1_D13; Fanout = 1; REG Node = 'Q~2'
        Info: Total cell delay = 2.200 ns ( 62.86 % )
        Info: Total interconnect delay = 1.300 ns ( 37.14 % )
    Info: + Micro clock to output delay of source is 0.700 ns
    Info: + Longest register to pin delay is 5.800 ns
        Info: 1: + IC(0.000 ns) + CELL(0.000 ns) = 0.000 ns; Loc. = LC1_D13; Fanout = 1; REG Node = 'Q~2'
        Info: 2: + IC(1.200 ns) + CELL(4.600 ns) = 5.800 ns; Loc. = PIN_159; Fanout = 0; PIN Node = 'Q_not'
        Info: Total cell delay = 4.600 ns ( 79.31 % )
        Info: Total interconnect delay = 1.200 ns ( 20.69 % )
Info: Quartus II Classic Timing Analyzer was successful. 0 errors, 1 warning
    Info: Peak virtual memory: 199 megabytes
    Info: Processing ended: Wed Sep 16 17:30:56 2020
    Info: Elapsed time: 00:00:00
    Info: Total CPU time (on all processors): 00:00:00


